<?xml version="1.0" encoding="UTF-8" ?>
<testsuite tests="20" failures="0" name="com.pickyourTrip.TestRunner.TestRunner" time="0.021" errors="2" skipped="0">
  <properties>
[...]
</properties>
  <testcase classname="Scenario: PickYourTrip Login" name="Given Open Browser in chrome" time="0.003"/>
  <testcase classname="Scenario: PickYourTrip Login" name="When Click on &apos;homePage.LoginButton&apos; button" time="0"/>
  <testcase classname="Scenario: PickYourTrip Login" name="Then Click on &apos;loginPage.phoneNumber&apos; button" time="0.001"/>
  <testcase classname="Scenario: PickYourTrip Login" name="When Enter &apos;9597984861&apos; into &apos;loginPage.phoneNumber&apos;" time="0"/>
  <testcase classname="Scenario: PickYourTrip Login" name="When Enter &apos;5859&apos; into &apos;loginPage.password&apos;" time="0"/>
  <testcase classname="Scenario: PickYourTrip Login" name="Then Click on &apos;loginPage.loginButton&apos; button" time="0"/>
  <testcase classname="Scenario: PickYourTrip Login" name="Then Click on &apos;yourVacation.planavacationtotextbox&apos; button" time="0"/>
  <testcase classname="Scenario: PickYourTrip Login" name="Then Enter &apos;Bali&apos; into &apos;yourVacation.planavacationtotextbox&apos;" time="0"/>
  <testcase classname="Scenario: PickYourTrip Login" name="When Select place for &apos;Bali&apos; from suggestion for &apos;yourVacation.autosuggestedValue&apos;" time="0"/>
  <testcase classname="Scenario: PickYourTrip Login" name="Then Wait for Element to present &apos;yourVacation.month.PlanaVactionlabel&apos;" time="0"/>
  <testcase classname="Scenario: PickYourTrip Login" name="Then Select &apos;MARCH&apos; for &apos;yourVacation.month.value&apos; with &apos;yourVacation.month.label&apos; for month" time="0"/>
  <testcase classname="Scenario: PickYourTrip Login" name="Then Wait for Element to present &apos;yourVacation.days.Nowplanninglabel&apos;" time="0"/>
  <testcase classname="Scenario: PickYourTrip Login" name="Then Select number of days as &apos;3-5 days&apos; for &apos;yourVacation.days.value&apos; with &apos;yourVacation.days.label&apos;" time="0"/>
  <testcase classname="Scenario: PickYourTrip Login" name="Then Wait for Element to present &apos;yourVacation.woudLikeTo.seelabel&apos;" time="0"/>
  <testcase classname="Scenario: PickYourTrip Login" name="Then Select like to visit &apos;Art &amp; Culture,Adventure &amp; Outdoor,Shopping &amp; Leisure&apos; for &apos;yourVacation.wouldLikeToSee.value&apos; with &apos;yourVacation.wouldLikeToSee.label&apos;" time="0"/>
  <testcase classname="Scenario: PickYourTrip Login" name="Then Click on &apos;getIternaryDetailsButton&apos; button" time="0"/>
  <testcase classname="Scenario: PickYourTrip Login" name="Then Wait for 10 seconds" time="0"/>
  <testcase classname="Scenario: PickYourTrip Login" name="When Try to handle notification popup" time="0"/>
  <testcase classname="Scenario: PickYourTrip Login" name="Then Click on &apos;GetTripCostButton&apos; button" time="0.008">
    <error message="no such element: Unable to locate element: {&quot;method&quot;:&quot;xpath&quot;,&quot;selector&quot;:&quot;//button[text()=&apos;Get a Pickyourtrail itinerary&apos;]&quot;}
  (Session info: chrome=78.0.3904.108)
For documentation on this error, please visit: http://seleniumhq.org/exceptions/no_such_element.html
Build info: version: &apos;3.5.3&apos;, revision: &apos;a88d25fe6b&apos;, time: &apos;2017-08-29T12:42:44.417Z&apos;
System info: host: &apos;SUKESH&apos;, ip: &apos;192.168.1.3&apos;, os.name: &apos;Windows 8.1&apos;, os.arch: &apos;amd64&apos;, os.version: &apos;6.3&apos;, java.version: &apos;1.8.0_45&apos;
Driver info: org.openqa.selenium.chrome.ChromeDriver
Capabilities [{networkConnectionEnabled=false, chrome={chromedriverVersion=78.0.3904.105 (60e2d8774a8151efa6a00b1f358371b1e0e07ee2-refs/branch-heads/3904@{#877}), userDataDir=C:\Users\sukes\AppData\Local\Temp\scoped_dir14688_140841505}, timeouts={implicit=0, pageLoad=300000, script=30000}, pageLoadStrategy=normal, unhandledPromptBehavior=dismiss and notify, strictFileInteractability=false, platform=WIN8_1, proxy=Proxy(), goog:chromeOptions={debuggerAddress=localhost:54937}, acceptInsecureCerts=false, browserVersion=78.0.3904.108, browserName=chrome, javascriptEnabled=true, platformName=WIN8_1, setWindowRect=true}]
Session ID: bc1589d87de1cc6bb14c6e4c958f5478
*** Element info: {Using=xpath, value=//button[text()=&apos;Get a Pickyourtrail itinerary&apos;]}" type="org.openqa.selenium.NoSuchElementException">org.openqa.selenium.NoSuchElementException: no such element: Unable to locate element: {&quot;method&quot;:&quot;xpath&quot;,&quot;selector&quot;:&quot;//button[text()=&apos;Get a Pickyourtrail itinerary&apos;]&quot;}
  (Session info: chrome=78.0.3904.108)
For documentation on this error, please visit: http://seleniumhq.org/exceptions/no_such_element.html
Build info: version: &apos;3.5.3&apos;, revision: &apos;a88d25fe6b&apos;, time: &apos;2017-08-29T12:42:44.417Z&apos;
System info: host: &apos;SUKESH&apos;, ip: &apos;192.168.1.3&apos;, os.name: &apos;Windows 8.1&apos;, os.arch: &apos;amd64&apos;, os.version: &apos;6.3&apos;, java.version: &apos;1.8.0_45&apos;
Driver info: org.openqa.selenium.chrome.ChromeDriver
Capabilities [{networkConnectionEnabled=false, chrome={chromedriverVersion=78.0.3904.105 (60e2d8774a8151efa6a00b1f358371b1e0e07ee2-refs/branch-heads/3904@{#877}), userDataDir=C:\Users\sukes\AppData\Local\Temp\scoped_dir14688_140841505}, timeouts={implicit=0, pageLoad=300000, script=30000}, pageLoadStrategy=normal, unhandledPromptBehavior=dismiss and notify, strictFileInteractability=false, platform=WIN8_1, proxy=Proxy(), goog:chromeOptions={debuggerAddress=localhost:54937}, acceptInsecureCerts=false, browserVersion=78.0.3904.108, browserName=chrome, javascriptEnabled=true, platformName=WIN8_1, setWindowRect=true}]
Session ID: bc1589d87de1cc6bb14c6e4c958f5478
*** Element info: {Using=xpath, value=//button[text()=&apos;Get a Pickyourtrail itinerary&apos;]}
	at sun.reflect.NativeConstructorAccessorImpl.newInstance0(Native Method)
	at sun.reflect.NativeConstructorAccessorImpl.newInstance(Unknown Source)
	at sun.reflect.DelegatingConstructorAccessorImpl.newInstance(Unknown Source)
	at java.lang.reflect.Constructor.newInstance(Unknown Source)
	at org.openqa.selenium.remote.http.W3CHttpResponseCodec.createException(W3CHttpResponseCodec.java:185)
	at org.openqa.selenium.remote.http.W3CHttpResponseCodec.decode(W3CHttpResponseCodec.java:120)
	at org.openqa.selenium.remote.http.W3CHttpResponseCodec.decode(W3CHttpResponseCodec.java:49)
	at org.openqa.selenium.remote.HttpCommandExecutor.execute(HttpCommandExecutor.java:164)
	at org.openqa.selenium.remote.service.DriverCommandExecutor.execute(DriverCommandExecutor.java:82)
	at org.openqa.selenium.remote.RemoteWebDriver.execute(RemoteWebDriver.java:646)
	at org.openqa.selenium.remote.RemoteWebDriver.findElement(RemoteWebDriver.java:416)
	at org.openqa.selenium.remote.RemoteWebDriver.findElementByXPath(RemoteWebDriver.java:518)
	at org.openqa.selenium.By$ByXPath.findElement(By.java:361)
	at org.openqa.selenium.remote.RemoteWebDriver.findElement(RemoteWebDriver.java:408)
	at com.pickyourTrip.utility.JsonUtility.getWebElement(JsonUtility.java:57)
	at com.pickyourTrip.stepdefinitions.Stepdefinitions.clickOn(Stepdefinitions.java:93)
	at ✽.Then Click on &apos;GetTripCostButton&apos; button(IternaryCreation.feature:22)
</error>
  </testcase>
  <testcase classname="Scenario: PickYourTrip Login" name="Scenario: PickYourTrip Login" time="0.009">
    <error message="no such element: Unable to locate element: {&quot;method&quot;:&quot;xpath&quot;,&quot;selector&quot;:&quot;//button[text()=&apos;Get a Pickyourtrail itinerary&apos;]&quot;}
  (Session info: chrome=78.0.3904.108)
For documentation on this error, please visit: http://seleniumhq.org/exceptions/no_such_element.html
Build info: version: &apos;3.5.3&apos;, revision: &apos;a88d25fe6b&apos;, time: &apos;2017-08-29T12:42:44.417Z&apos;
System info: host: &apos;SUKESH&apos;, ip: &apos;192.168.1.3&apos;, os.name: &apos;Windows 8.1&apos;, os.arch: &apos;amd64&apos;, os.version: &apos;6.3&apos;, java.version: &apos;1.8.0_45&apos;
Driver info: org.openqa.selenium.chrome.ChromeDriver
Capabilities [{networkConnectionEnabled=false, chrome={chromedriverVersion=78.0.3904.105 (60e2d8774a8151efa6a00b1f358371b1e0e07ee2-refs/branch-heads/3904@{#877}), userDataDir=C:\Users\sukes\AppData\Local\Temp\scoped_dir14688_140841505}, timeouts={implicit=0, pageLoad=300000, script=30000}, pageLoadStrategy=normal, unhandledPromptBehavior=dismiss and notify, strictFileInteractability=false, platform=WIN8_1, proxy=Proxy(), goog:chromeOptions={debuggerAddress=localhost:54937}, acceptInsecureCerts=false, browserVersion=78.0.3904.108, browserName=chrome, javascriptEnabled=true, platformName=WIN8_1, setWindowRect=true}]
Session ID: bc1589d87de1cc6bb14c6e4c958f5478
*** Element info: {Using=xpath, value=//button[text()=&apos;Get a Pickyourtrail itinerary&apos;]}" type="org.openqa.selenium.NoSuchElementException">org.openqa.selenium.NoSuchElementException: no such element: Unable to locate element: {&quot;method&quot;:&quot;xpath&quot;,&quot;selector&quot;:&quot;//button[text()=&apos;Get a Pickyourtrail itinerary&apos;]&quot;}
  (Session info: chrome=78.0.3904.108)
For documentation on this error, please visit: http://seleniumhq.org/exceptions/no_such_element.html
Build info: version: &apos;3.5.3&apos;, revision: &apos;a88d25fe6b&apos;, time: &apos;2017-08-29T12:42:44.417Z&apos;
System info: host: &apos;SUKESH&apos;, ip: &apos;192.168.1.3&apos;, os.name: &apos;Windows 8.1&apos;, os.arch: &apos;amd64&apos;, os.version: &apos;6.3&apos;, java.version: &apos;1.8.0_45&apos;
Driver info: org.openqa.selenium.chrome.ChromeDriver
Capabilities [{networkConnectionEnabled=false, chrome={chromedriverVersion=78.0.3904.105 (60e2d8774a8151efa6a00b1f358371b1e0e07ee2-refs/branch-heads/3904@{#877}), userDataDir=C:\Users\sukes\AppData\Local\Temp\scoped_dir14688_140841505}, timeouts={implicit=0, pageLoad=300000, script=30000}, pageLoadStrategy=normal, unhandledPromptBehavior=dismiss and notify, strictFileInteractability=false, platform=WIN8_1, proxy=Proxy(), goog:chromeOptions={debuggerAddress=localhost:54937}, acceptInsecureCerts=false, browserVersion=78.0.3904.108, browserName=chrome, javascriptEnabled=true, platformName=WIN8_1, setWindowRect=true}]
Session ID: bc1589d87de1cc6bb14c6e4c958f5478
*** Element info: {Using=xpath, value=//button[text()=&apos;Get a Pickyourtrail itinerary&apos;]}
	at sun.reflect.NativeConstructorAccessorImpl.newInstance0(Native Method)
	at sun.reflect.NativeConstructorAccessorImpl.newInstance(Unknown Source)
	at sun.reflect.DelegatingConstructorAccessorImpl.newInstance(Unknown Source)
	at java.lang.reflect.Constructor.newInstance(Unknown Source)
	at org.openqa.selenium.remote.http.W3CHttpResponseCodec.createException(W3CHttpResponseCodec.java:185)
	at org.openqa.selenium.remote.http.W3CHttpResponseCodec.decode(W3CHttpResponseCodec.java:120)
	at org.openqa.selenium.remote.http.W3CHttpResponseCodec.decode(W3CHttpResponseCodec.java:49)
	at org.openqa.selenium.remote.HttpCommandExecutor.execute(HttpCommandExecutor.java:164)
	at org.openqa.selenium.remote.service.DriverCommandExecutor.execute(DriverCommandExecutor.java:82)
	at org.openqa.selenium.remote.RemoteWebDriver.execute(RemoteWebDriver.java:646)
	at org.openqa.selenium.remote.RemoteWebDriver.findElement(RemoteWebDriver.java:416)
	at org.openqa.selenium.remote.RemoteWebDriver.findElementByXPath(RemoteWebDriver.java:518)
	at org.openqa.selenium.By$ByXPath.findElement(By.java:361)
	at org.openqa.selenium.remote.RemoteWebDriver.findElement(RemoteWebDriver.java:408)
	at com.pickyourTrip.utility.JsonUtility.getWebElement(JsonUtility.java:57)
	at com.pickyourTrip.stepdefinitions.Stepdefinitions.clickOn(Stepdefinitions.java:93)
	at ✽.Then Click on &apos;GetTripCostButton&apos; button(IternaryCreation.feature:22)
</error>
  </testcase>
</testsuite>